make all --print-data-base --no-builtin-variables --no-builtin-rules --question
# GNU Make 3.81
# Copyright (C) 2006  Free Software Foundation, Inc.
# This is free software; see the source for copying conditions.
# There is NO warranty; not even for MERCHANTABILITY or FITNESS FOR A
# PARTICULAR PURPOSE.

# This program built for i386-apple-darwin11.3.0
 

# Make data base, printed on Mon Nov 14 22:17:50 2022

# Variables

# automatic
<D = $(patsubst %/,%,$(dir $<))
# automatic
?F = $(notdir $?)
# environment
ELECTRON_NO_ATTACH_CONSOLE = 1
# makefile (from `Makefile', line 20)
OBJ = ${SRC:.c=.o}
# makefile (from `Makefile', line 16)
SRC = ft_main.c ft_put_tree.c ft_parsing.c path.c mouv.c checks.c path_utils.c game.c
# environment
LC_CTYPE = UTF-8
# automatic
?D = $(patsubst %/,%,$(dir $?))
# automatic
@D = $(patsubst %/,%,$(dir $@))
# automatic
@F = $(notdir $@)
# makefile
CURDIR := /Users/zakariyahamdouchi/dev/solong
# makefile
SHELL = /bin/sh
# environment
VSCODE_NLS_CONFIG = {"locale":"en-gb","availableLanguages":{},"_languagePackSupport":true}
# environment
_ = /usr/bin/make
# makefile (from `obj/game.d', line 1)
MAKEFILE_LIST :=  Makefile obj/ft_main.d obj/ft_put_tree.d obj/ft_parsing.d obj/path.d obj/mouv.d obj/checks.d obj/path_utils.d obj/game.d
# environment
__CFBundleIdentifier = com.microsoft.VSCode
# environment
INFOPATH = /opt/homebrew/share/info:
# environment
VSCODE_CWD = /Users/zakariyahamdouchi/dev/solong
# environment
PATH = /opt/homebrew/bin:/opt/homebrew/sbin:/opt/local/bin:/opt/local/sbin:/usr/local/bin:/usr/bin:/bin:/usr/sbin:/sbin:/opt/X11/bin:/Library/Apple/usr/bin
# environment
LSCOLORS = Gxfxcxdxbxegedabagacad
# makefile (from `Makefile', line 15)
SRC_PATH = ./srcs/
# environment
ELECTRON_RUN_AS_NODE = 1
# default
.FEATURES := target-specific order-only second-expansion else-if archives jobserver check-symlink
# environment
SSH_AUTH_SOCK = /private/tmp/com.apple.launchd.TGVXwPd2eh/Listeners
# automatic
%F = $(notdir $%)
# environment
DISPLAY = /private/tmp/com.apple.launchd.3oEoGcOjMO/org.xquartz:0
# makefile (from `Makefile', line 21)
OBJS = $(addprefix $(OBJ_PATH), $(OBJ))
# environment
PWD = /Users/zakariyahamdouchi/dev/solong
# environment
HOMEBREW_CELLAR = /opt/homebrew/Cellar
# environment
ORIGINAL_XDG_CURRENT_DESKTOP = undefined
# environment
MANPATH = /opt/homebrew/share/man::
# environment
VSCODE_AMD_ENTRYPOINT = vs/workbench/api/node/extensionHostProcess
# environment
HOME = /Users/zakariyahamdouchi
# default
MAKEFILEPATH := /Applications/Xcode.app/Contents/Developer/Makefiles
# environment
VSCODE_CLI = 1
# environment
VSCODE_CODE_CACHE_PATH = /Users/zakariyahamdouchi/Library/Application Support/Code/CachedData/92d25e35d9bf1a6b16f7d0758f25d48ace11e5b9
# environment
LOGNAME = zakariyahamdouchi
# environment
APPLICATION_INSIGHTS_NO_DIAGNOSTIC_CHANNEL = 1
# environment
ZSH = /Users/zakariyahamdouchi/.oh-my-zsh
# environment
VSCODE_HANDLES_UNCAUGHT_ERRORS = true
# automatic
^D = $(patsubst %/,%,$(dir $^))
# environment
XPC_FLAGS = 0x0
# environment
COLORTERM = truecolor
# default
MAKE = $(MAKE_COMMAND)
# environment
 
LC_TERMINAL = iTerm2
# makefile (from `Makefile', line 17)
SRCS = $(addprefix ${SRC_PATH}, ${SRC})
# environment
SHLVL = 3
# environment
LOCAL_GIT_DIRECTORY = /Applications/GitHub Desktop.app/Contents/Resources/app/git
# default
MAKE_VERSION := 3.81
# environment
USER = zakariyahamdouchi
# makefile
.DEFAULT_GOAL := so_long
# default
MAKECMDGOALS := all
# environment
TERM_SESSION_ID = w0t0p0:26EB6234-2769-4F8F-ADBB-80357CCFBEF9
# makefile (from `Makefile', line 13)
NAME = so_long
# environment
LESS = -R
# automatic
%D = $(patsubst %/,%,$(dir $%))
# default
MAKE_COMMAND := /Applications/Xcode.app/Contents/Developer/usr/bin/make
# makefile (from `Makefile', line 25)
INC = -I./includes/
# environment
TERM_PROGRAM = iTerm.app
# default
.VARIABLES := 
# environment
TMPDIR = /var/folders/zh/gpz9zszs6dl7p4vr3ysw01ym0000gn/T/
# automatic
*F = $(notdir $*)
# environment
VSCODE_IPC_HOOK = /Users/zakariyahamdouchi/Library/Application Support/Code/1.69.0-main.sock
# environment
MallocNanoZone = 0
# makefile
MAKEFLAGS = Rrqp
# environment
MFLAGS = -Rrqp
# automatic
*D = $(patsubst %/,%,$(dir $*))
# environment
TERM_PROGRAM_VERSION = 3.4.17
# environment
XPC_SERVICE_NAME = application.com.microsoft.VSCode.478397.478403.2CFEDEE1-7536-4427-8DA1-A12022D77703
# environment
LC_TERMINAL_VERSION = 3.4.17
# environment
HOMEBREW_PREFIX = /opt/homebrew
# automatic
+D = $(patsubst %/,%,$(dir $+))
# automatic
+F = $(notdir $+)
# environment
ITERM_SESSION_ID = w0t0p0:26EB6234-2769-4F8F-ADBB-80357CCFBEF9
# environment
HOMEBREW_REPOSITORY = /opt/homebrew
# environment
COLORFGBG = 7;0
# environment
__CF_USER_TEXT_ENCODING = 0x1F5:0x0:0x0
# environment
COMMAND_MODE = unix2003
# default
MAKEFILES := 
# automatic
<F = $(notdir $<)
# environment
ITERM_PROFILE = Default
# environment
PAGER = less
# environment
LC_ALL = C
# makefile (from `Makefile', line 19)
OBJ_PATH = obj/
# makefile (from `Makefile', line 27)
LIBS = -L./libs/libft -lft -L./libs/printf -lprintf -L./libs/gnl -lget_next_line -L./libs/minilibx-linux -lmlx -lXext -lX11 -lm -lz
# automatic
^F = $(notdir $^)
# makefile (from `Makefile', line 23)
DEPS = $(addprefix ${OBJ_PATH}, ${SRC:.c=.d})
# default
SUFFIXES := 
# makefile (from `Makefile', line 29)
FLAGS = -Wall -Wextra -Werror -MMD -MP -g
# environment
MAKELEVEL := 0
# environment
LANG = C
# environment
TERM = xterm-256color
# environment
VSCODE_PID = 2677
# variable set hash-table stats:
# Load=92/1024=9%, Rehash=0, Collisions=19/151=13%

# Pattern-specific Variable Values

# No pattern-specific variable values.

# Directories

# . (device 16777233, inode 8194630): 21 files, no impossibilities.
# ./srcs (device 16777233, inode 8195020): No files, no impossibilities so far.
# srcs (device 16777233, inode 8195020): No files, no impossibilities so far.

# 21 files, no impossibilities in 3 directories.

# Implicit Rules

obj/%.o: ./srcs/%.c
#  commands to execute (from `Makefile', line 39):
	@mkdir -p ${OBJ_PATH}
	clang ${FLAGS} ${INC} -o $@ -c $<
	

# 1 implicit rules, 0 (0.0%) terminal.

# Files

obj/game.o: srcs/game.c srcs/../includes/so_long.h includes/./../libs/minilibx-linux/mlx.h includes/./../libs/printf/libftprintf.h includes/./../libs/gnl/get_next_line.h
#  Implicit rule search has not been done.
#  File is an intermediate prerequisite.
#  Modification time never checked.
#  File has not been updated.

# Not a target:
obj/path.d:
#  A default, MAKEFILES, or -include/sinclude makefile.
#  Implicit rule search has been done.
#  Last modified 2022-11-14 22:12:11
#  File has been updated.
#  Successfully updated.
# variable set hash-table stats:
# Load=0/32=0%, Rehash=0, Collisions=0/0=0%

# Not a target:
obj/mouv.d:
#  A default, MAKEFILES, or -include/sinclude makefile.
#  Implicit rule search has been done.
#  Last modified 2022-11-14 22:12:11
#  File has been updated.
#  Successfully updated.
# variable set hash-table stats:
# Load=0/32=0%, Rehash=0, Collisions=0/0=0%

# Not a target:
srcs/game.c:
#  Implicit rule search has not been done.
#  Modification time never checked.
#  File has not been updated.

all: so_long
#  Phony target (prerequisite of .PHONY).
#  Command-line target.
#  Implicit rule search has not been done.
#  File does not exist.
#  File has been updated.
#  Needs to be updated (-q is set).
# variable set hash-table stats:
# Load=0/32=0%, Rehash=0, Collisions=0/5=0%

.PHONY: all clean fclean re
#  Implicit rule search has not been done.
#  Modification time never checked.
#  File has not been updated.

obj/ft_put_tree.o: srcs/ft_put_tree.c srcs/../includes/so_long.h includes/./../libs/minilibx-linux/mlx.h includes/./../libs/printf/libftprintf.h includes/./../libs/gnl/get_next_line.h
#  Implicit rule search has not been done.
#  File is an intermediate prerequisite.
#  Modification time never checked.
#  File has not been updated.

# Not a target:
srcs/ft_put_tree.c:
#  Implicit rule search has not been done.
#  Modification time never checked.
#  File has not been updated.

.SECONDARY: obj/ft_main.o obj/ft_put_tree.o obj/ft_parsing.o obj/path.o obj/mouv.o obj/checks.o obj/path_utils.o obj/game.o
#  Implicit rule search has not been done.
#  Modification time never checked.
#  File has not been updated.

# Not a target:
obj/checks.d:
#  A default, MAKEFILES, or -include/sinclude makefile.
#  Implicit rule search has been done.
#  Last modified 2022-11-14 22:12:11
#  File has been updated.
#  Successfully updated.
# variable set hash-table stats:
# Load=0/32=0%, Rehash=0, Collisions=0/0=0%

# Not a target:
.SUFFIXES:
#  Implicit rule search has not been done.
#  Modification time never checked.
#  File has not been updated.

# Not a target:
Makefile:
#  Implicit rule search has been done.
#  Last modified 2022-11-14 22:16:16
#  File has been updated.
#  Successfully updated.
# variable set hash-table stats:
# Load=0/32=0%, Rehash=0, Collisions=0/0=0%

includes/./../libs/gnl/get_next_line.h:
#  Implicit rule search has been done.
#  Last modified 2022-11-14 22:16:16
#  File has been updated.
#  Successfully updated.
# variable set hash-table stats:
# Load=0/32=0%, Rehash=0, Collisions=0/0=0%

srcs/../includes/so_long.h:
#  Implicit rule search has been done.
#  Last modified 2022-11-14 22:16:16
#  File has been updated.
#  Successfully updated.
# variable set hash-table stats:
# Load=0/32=0%, Rehash=0, Collisions=0/0=0%

obj/path.o: srcs/path.c srcs/./../includes/so_long.h includes/./../libs/minilibx-linux/mlx.h includes/./../libs/printf/libftprintf.h includes/./../libs/gnl/get_next_line.h
#  Implicit rule search has not been done.
#  File is an intermediate prerequisite.
#  Modification time never checked.
#  File has not been updated.

obj/mouv.o: srcs/mouv.c srcs/../includes/so_long.h includes/./../libs/minilibx-linux/mlx.h includes/./../libs/printf/libftprintf.h includes/./../libs/gnl/get_next_line.h
#  Implicit rule search has not been done.
#  File is an intermediate prerequisite.
#  Modification time never checked.
#  File has not been updated.

# Not a target:
srcs/path.c:
#  Implicit rule search has not been done.
#  Modification time never checked.
#  File has not been updated.

# Not a target:
srcs/mouv.c:
#  Implicit rule search has not been done.
#  Modification time never checked.
#  File has not been updated.

srcs/./../includes/so_long.h:
#  Implicit rule search has not been done.
#  Modification time never checked.
#  File has not been updated.

fclean: clean
#  Phony target (prerequisite of .PHONY).
#  Implicit rule search has not been done.
#  File does not exist.
#  File has not been updated.
#  commands to execute (from `Makefile', line 52):
	make fclean -C ./libs/libft/
	make fclean -C ./libs/printf/
	make clean -C ./libs/gnl/
	rm -rf ${NAME}
	

# Not a target:
obj/ft_main.d:
#  A default, MAKEFILES, or -include/sinclude makefile.
#  Implicit rule search has been done.
#  Last modified 2022-11-14 22:12:11
#  File has been updated.
#  Successfully updated.
# variable set hash-table stats:
# Load=0/32=0%, Rehash=0, Collisions=0/0=0%

obj/checks.o: srcs/checks.c srcs/./../includes/so_long.h includes/./../libs/minilibx-linux/mlx.h includes/./../libs/printf/libftprintf.h includes/./../libs/gnl/get_next_line.h
 
#  Implicit rule search has not been done.
#  File is an intermediate prerequisite.
#  Modification time never checked.
#  File has not been updated.

# Not a target:
srcs/checks.c:
#  Implicit rule search has not been done.
#  Modification time never checked.
#  File has not been updated.

# Not a target:
.DEFAULT:
#  Implicit rule search has not been done.
#  Modification time never checked.
#  File has not been updated.

# Not a target:
obj/ft_parsing.d:
#  A default, MAKEFILES, or -include/sinclude makefile.
#  Implicit rule search has been done.
#  Last modified 2022-11-14 22:12:11
#  File has been updated.
#  Successfully updated.
# variable set hash-table stats:
# Load=0/32=0%, Rehash=0, Collisions=0/0=0%

re: fclean all
#  Phony target (prerequisite of .PHONY).
#  Implicit rule search has not been done.
#  File does not exist.
#  File has not been updated.

# Not a target:
obj/path_utils.d:
#  A default, MAKEFILES, or -include/sinclude makefile.
#  Implicit rule search has been done.
#  Last modified 2022-11-14 22:12:11
#  File has been updated.
#  Successfully updated.
# variable set hash-table stats:
# Load=0/32=0%, Rehash=0, Collisions=0/0=0%

clean:
#  Phony target (prerequisite of .PHONY).
#  Implicit rule search has not been done.
#  File does not exist.
#  File has not been updated.
#  commands to execute (from `Makefile', line 45):
	make clean -C ./libs/libft/
	make clean -C ./libs/printf/
	make clean -C ./libs/gnl/
	make clean -C ./libs/minilibx-linux/
	rm -rf ${OBJ_PATH}
	

# Not a target:
obj/game.d:
#  A default, MAKEFILES, or -include/sinclude makefile.
#  Implicit rule search has been done.
#  Last modified 2022-11-14 22:12:11
#  File has been updated.
#  Successfully updated.
# variable set hash-table stats:
# Load=0/32=0%, Rehash=0, Collisions=0/0=0%

obj/ft_main.o: srcs/ft_main.c srcs/../includes/so_long.h includes/./../libs/minilibx-linux/mlx.h includes/./../libs/printf/libftprintf.h includes/./../libs/gnl/get_next_line.h
#  Implicit rule search has been done.
#  Implicit/static pattern stem: `ft_main'
#  Last modified 2022-11-14 22:12:11
#  File has been updated.
#  Needs to be updated (-q is set).
# automatic
# @ := obj/ft_main.o
# automatic
# % := 
# automatic
# * := ft_main
# automatic
# + := srcs/ft_main.c srcs/ft_main.c srcs/../includes/so_long.h includes/./../libs/minilibx-linux/mlx.h includes/./../libs/printf/libftprintf.h includes/./../libs/gnl/get_next_line.h
# automatic
# | := 
# automatic
# < := srcs/ft_main.c
# automatic
# ^ := srcs/ft_main.c srcs/../includes/so_long.h includes/./../libs/minilibx-linux/mlx.h includes/./../libs/printf/libftprintf.h includes/./../libs/gnl/get_next_line.h
# automatic
# ? := srcs/ft_main.c srcs/../includes/so_long.h includes/./../libs/minilibx-linux/mlx.h includes/./../libs/printf/libftprintf.h includes/./../libs/gnl/get_next_line.h
# variable set hash-table stats:
# Load=8/32=25%, Rehash=0, Collisions=1/15=7%
#  commands to execute (from `Makefile', line 39):
	@mkdir -p ${OBJ_PATH}
	clang ${FLAGS} ${INC} -o $@ -c $<
	

# Not a target:
srcs/ft_main.c:
#  Implicit rule search has been done.
#  Last modified 2022-11-14 22:16:16
#  File has been updated.
#  Successfully updated.
# variable set hash-table stats:
# Load=0/32=0%, Rehash=0, Collisions=0/0=0%

so_long: obj/ft_main.o obj/ft_put_tree.o obj/ft_parsing.o obj/path.o obj/mouv.o obj/checks.o obj/path_utils.o obj/game.o
#  Implicit rule search has not been done.
#  Last modified 2022-11-14 22:12:11
#  File has been updated.
#  Needs to be updated (-q is set).
# variable set hash-table stats:
# Load=0/32=0%, Rehash=0, Collisions=0/5=0%
#  commands to execute (from `Makefile', line 32):
	make -C ./libs/libft/
	make -C ./libs/gnl/
	make -C ./libs/printf/
	make -C ./libs/minilibx-linux/
	clang ${FLAGS} $(OBJS) $(LIBS) -o ${NAME}
	

includes/./../libs/minilibx-linux/mlx.h:
#  Implicit rule search has been done.
#  Last modified 2022-11-14 22:16:16
#  File has been updated.
#  Successfully updated.
# variable set hash-table stats:
# Load=0/32=0%, Rehash=0, Collisions=0/0=0%

includes/./../libs/printf/libftprintf.h:
#  Implicit rule search has been done.
#  Last modified 2022-11-14 22:16:16
#  File has been updated.
#  Successfully updated.
# variable set hash-table stats:
# Load=0/32=0%, Rehash=0, Collisions=0/0=0%

# Not a target:
obj/ft_put_tree.d:
#  A default, MAKEFILES, or -include/sinclude makefile.
#  Implicit rule search has been done.
#  Last modified 2022-11-14 22:12:11
#  File has been updated.
#  Successfully updated.
# variable set hash-table stats:
# Load=0/32=0%, Rehash=0, Collisions=0/0=0%

obj/ft_parsing.o: srcs/ft_parsing.c srcs/./../includes/so_long.h includes/./../libs/minilibx-linux/mlx.h includes/./../libs/printf/libftprintf.h includes/./../libs/gnl/get_next_line.h
#  Implicit rule search has not been done.
#  File is an intermediate prerequisite.
#  Modification time never checked.
#  File has not been updated.

# Not a target:
srcs/ft_parsing.c:
#  Implicit rule search has not been done.
#  Modification time never checked.
#  File has not been updated.

obj/path_utils.o: srcs/path_utils.c srcs/./../includes/so_long.h includes/./../libs/minilibx-linux/mlx.h includes/./../libs/printf/libftprintf.h includes/./../libs/gnl/get_next_line.h
#  Implicit rule search has not been done.
#  File is an intermediate prerequisite.
#  Modification time never checked.
#  File has not been updated.

# Not a target:
srcs/path_utils.c:
#  Implicit rule search has not been done.
#  Modification time never checked.
#  File has not been updated.

# files hash-table stats:
# Load=39/1024=4%, Rehash=0, Collisions=8/153=5%
# VPATH Search Paths

# No `vpath' search paths.

# No general (`VPATH' variable) search path.

# # of strings in strcache: 9
# # of strcache buffers: 1
# strcache size: total = 4096 / max = 4096 / min = 4096 / avg = 4096
# strcache free: total = 3975 / max = 3975 / min = 3975 / avg = 3975

# Finished Make data base on Mon Nov 14 22:17:50 2022

 
